09:37:30 INFO  - App is started
09:37:30 INFO  - Start test testDragNDrop
09:37:30 INFO  - Start find ---> By.id: com.h6ah4i.android.example.advrecyclerview:id/drag_handle
09:37:31 INFO  - By.id: com.h6ah4i.android.example.advrecyclerview:id/drag_handle <--- End of find
09:37:36 INFO  - Stop test testDragNDrop
************************************************
09:37:36 INFO  - Start test testDragNDrop2
09:37:37 INFO  - Start find ---> By.id: com.h6ah4i.android.example.advrecyclerview:id/drag_handle
09:37:38 INFO  - By.id: com.h6ah4i.android.example.advrecyclerview:id/drag_handle <--- End of find
09:37:42 INFO  - Stop test testDragNDrop2
************************************************
09:37:42 INFO  - Start test testDragNDrop3
09:37:43 INFO  - Start find ---> By.id: com.h6ah4i.android.example.advrecyclerview:id/drag_handle
09:37:44 INFO  - By.id: com.h6ah4i.android.example.advrecyclerview:id/drag_handle <--- End of find
09:37:49 INFO  - Stop test testDragNDrop3
************************************************
09:37:49 INFO  - Start test testHorizontalSwipeLR
09:37:50 INFO  - Start find ---> By.id: com.h6ah4i.android.example.advrecyclerview:id/container
09:38:01 INFO  - By.id: com.h6ah4i.android.example.advrecyclerview:id/container <--- End of find
09:38:03 INFO  - Stop test testHorizontalSwipeLR
************************************************
09:38:03 INFO  - Start test testHorizontalSwipeRL
09:38:04 INFO  - Start find ---> By.id: com.h6ah4i.android.example.advrecyclerview:id/container
09:38:14 INFO  - By.id: com.h6ah4i.android.example.advrecyclerview:id/container <--- End of find
09:38:17 INFO  - Stop test testHorizontalSwipeRL
************************************************
